[2025-10-27 15:35:18] โ๏ธ [IO] Sแปญ dแปฅng VoiceIOMock.
[2025-10-27 15:35:18] โ๏ธ [APP] ฤang khแปi tแบกo Core Modules...
[2025-10-27 15:35:18] ๐๏ธ [DM] Khแปi tแบกo cรกc Modules...
[2025-10-27 15:35:18] โ๏ธ Using Mock DB Connector
[2025-10-27 15:35:18] โ [DM] Khแปi tแบกo Modules hoรn tแบฅt. Sแบตn sรng: True
[2025-10-27 15:35:18] โ [APP] Khแปi tแบกo DM thรnh cรดng!
[2025-10-27 15:35:27] ๐ [APP] แปจng dแปฅng ฤang thoรกt...
[2025-10-27 15:37:59] โ๏ธ [IO] Sแปญ dแปฅng VoiceIOMock.
[2025-10-27 15:37:59] โ๏ธ [APP] ฤang khแปi tแบกo Core Modules...
[2025-10-27 15:37:59] ๐๏ธ [DM] Khแปi tแบกo cรกc Modules...
[2025-10-27 15:37:59] โ๏ธ Using Mock DB Connector
[2025-10-27 15:37:59] โ [DM] Khแปi tแบกo Modules hoรn tแบฅt. Sแบตn sรng: True
[2025-10-27 15:37:59] โ [APP] Khแปi tแบกo DM thรnh cรดng!
[2025-10-27 15:38:01] ๐ค [IO] Ghi รขm Mock Bแบฏt ฤแบงu.
[2025-10-27 15:38:01] โถ๏ธ [TURN] Bแบฏt ฤแบงu xแปญ lรฝ lฦฐแปฃt hแปi thoแบกi...
[2025-10-27 15:38:01] ๐ฌ [BOT] Phแบฃn hแปi: DB Error
[2025-10-27 15:38:01] โน๏ธ [TURN] Kแบฟt thรบc xแปญ lรฝ. Thแปi gian: 0.00s
[2025-10-27 15:38:01] ๐ [IO] Phรกt audio Mock: tts_fallback.wav
[2025-10-27 15:38:02] ๐ค [IO] Ghi รขm Mock Kแบฟt thรบc.
[2025-10-27 15:38:04] ๐ [APP] แปจng dแปฅng ฤang thoรกt...
